<?xml version="1.0" encoding="UTF-8"?>
<testng-results ignored="0" total="1" passed="1" failed="0" skipped="0">
  <reporter-output>
  </reporter-output>
  <suite started-at="2021-03-09T15:29:01 IST" name="Default suite" finished-at="2021-03-09T15:29:06 IST" duration-ms="5685">
    <groups>
      <group name="cucumber">
        <method signature="AbstractTestNGCucumberTests.runScenario(io.cucumber.testng.PickleWrapper, io.cucumber.testng.FeatureWrapper)[pri:0, instance:testNG_RunnerClasses.TestNGRunnerClass@1622f1b]" name="runScenario" class="io.cucumber.testng.AbstractTestNGCucumberTests"/>
      </group> <!-- cucumber -->
    </groups>
    <test started-at="2021-03-09T15:29:01 IST" name="Default test" finished-at="2021-03-09T15:29:06 IST" duration-ms="5685">
      <class name="testNG_RunnerClasses.TestNGRunnerClass">
        <test-method is-config="true" signature="setUpClass()[pri:0, instance:testNG_RunnerClasses.TestNGRunnerClass@1622f1b]" started-at="2021-03-09T15:29:01 IST" name="setUpClass" finished-at="2021-03-09T15:29:02 IST" duration-ms="775" status="PASS">
          <reporter-output>
          </reporter-output>
        </test-method> <!-- setUpClass -->
        <test-method signature="runScenario(io.cucumber.testng.PickleWrapper, io.cucumber.testng.FeatureWrapper)[pri:0, instance:testNG_RunnerClasses.TestNGRunnerClass@1622f1b]" started-at="2021-03-09T15:29:02 IST" name="runScenario" description="Runs Cucumber Scenarios" data-provider="scenarios" finished-at="2021-03-09T15:29:06 IST" duration-ms="4788" status="PASS">
          <params>
            <param index="0">
              <value>
                <![CDATA["RatesExchage API Demo"]]>
              </value>
            </param>
            <param index="1">
              <value>
                <![CDATA["Title of your feature"]]>
              </value>
            </param>
          </params>
          <reporter-output>
          </reporter-output>
        </test-method> <!-- runScenario -->
        <test-method is-config="true" signature="tearDownClass()[pri:0, instance:testNG_RunnerClasses.TestNGRunnerClass@1622f1b]" started-at="2021-03-09T15:29:06 IST" name="tearDownClass" finished-at="2021-03-09T15:29:06 IST" duration-ms="3" status="PASS">
          <reporter-output>
          </reporter-output>
        </test-method> <!-- tearDownClass -->
      </class> <!-- testNG_RunnerClasses.TestNGRunnerClass -->
    </test> <!-- Default test -->
  </suite> <!-- Default suite -->
</testng-results>
