<?xml version="1.0" encoding="UTF-8"?>
<testng-results ignored="0" total="2" passed="2" failed="0" skipped="0">
  <reporter-output>
    <line>
      <![CDATA[Response received]]>
    </line>
    <line>
      <![CDATA[Response received]]>
    </line>
  </reporter-output>
  <suite started-at="2021-03-10T18:46:57 IST" name="Default suite" finished-at="2021-03-10T18:47:01 IST" duration-ms="4317">
    <groups>
    </groups>
    <test started-at="2021-03-10T18:46:57 IST" name="Default test" finished-at="2021-03-10T18:47:01 IST" duration-ms="4317">
      <class name="com.stepGeneratorClasses.TestNGReport">
        <test-method signature="f(java.lang.String)[pri:0, instance:com.stepGeneratorClasses.TestNGReport@363ee3a2]" started-at="2021-03-10T18:46:57 IST" name="f" data-provider="dp" finished-at="2021-03-10T18:47:01 IST" duration-ms="3666" status="PASS">
          <params>
            <param index="0">
              <value>
                <![CDATA[USD]]>
              </value>
            </param>
          </params>
          <reporter-output>
            <line>
              <![CDATA[Response received]]>
            </line>
          </reporter-output>
        </test-method> <!-- f -->
        <test-method signature="f(java.lang.String)[pri:0, instance:com.stepGeneratorClasses.TestNGReport@363ee3a2]" started-at="2021-03-10T18:47:01 IST" name="f" data-provider="dp" finished-at="2021-03-10T18:47:01 IST" duration-ms="589" status="PASS">
          <params>
            <param index="0">
              <value>
                <![CDATA[INR]]>
              </value>
            </param>
          </params>
          <reporter-output>
            <line>
              <![CDATA[Response received]]>
            </line>
          </reporter-output>
        </test-method> <!-- f -->
      </class> <!-- com.stepGeneratorClasses.TestNGReport -->
    </test> <!-- Default test -->
  </suite> <!-- Default suite -->
</testng-results>
